{"C:\\Users\\zarinpal\\Documents\\GitHub\\web-components\\src\\components\\Button\\index.vue": {"path":"C:\\Users\\zarinpal\\Documents\\GitHub\\web-components\\src\\components\\Button\\index.vue","statementMap":{"0":{"start":{"line":11,"column":0},"end":{"line":11,"column":null}},"1":{"start":{"line":12,"column":0},"end":{"line":12,"column":null}},"2":{"start":{"line":13,"column":0},"end":{"line":13,"column":null}}},"fnMap":{},"branchMap":{},"s":{"0":1,"1":1,"2":1},"f":{},"b":{}}
,"C:\\Users\\zarinpal\\Documents\\GitHub\\web-components\\src\\components\\ButtonGroup\\index.vue": {"path":"C:\\Users\\zarinpal\\Documents\\GitHub\\web-components\\src\\components\\ButtonGroup\\index.vue","statementMap":{"0":{"start":{"line":8,"column":0},"end":{"line":8,"column":null}},"1":{"start":{"line":9,"column":0},"end":{"line":9,"column":null}},"2":{"start":{"line":10,"column":0},"end":{"line":10,"column":null}}},"fnMap":{},"branchMap":{},"s":{"0":0,"1":0,"2":0},"f":{},"b":{}}
,"C:\\Users\\zarinpal\\Documents\\GitHub\\web-components\\src\\components\\Dropdown\\index.vue": {"path":"C:\\Users\\zarinpal\\Documents\\GitHub\\web-components\\src\\components\\Dropdown\\index.vue","statementMap":{"0":{"start":{"line":62,"column":0},"end":{"line":62,"column":null}},"1":{"start":{"line":63,"column":0},"end":{"line":63,"column":null}},"2":{"start":{"line":64,"column":0},"end":{"line":64,"column":null}}},"fnMap":{},"branchMap":{},"s":{"0":0,"1":0,"2":0},"f":{},"b":{}}
,"C:\\Users\\zarinpal\\Documents\\GitHub\\web-components\\src\\components\\Input\\index.vue": {"path":"C:\\Users\\zarinpal\\Documents\\GitHub\\web-components\\src\\components\\Input\\index.vue","statementMap":{"0":{"start":{"line":8,"column":0},"end":{"line":8,"column":null}}},"fnMap":{},"branchMap":{},"s":{"0":0},"f":{},"b":{}}
,"C:\\Users\\zarinpal\\Documents\\GitHub\\web-components\\src\\components\\TextField\\index.vue": {"path":"C:\\Users\\zarinpal\\Documents\\GitHub\\web-components\\src\\components\\TextField\\index.vue","statementMap":{"0":{"start":{"line":85,"column":0},"end":{"line":85,"column":null}},"1":{"start":{"line":86,"column":0},"end":{"line":86,"column":null}},"2":{"start":{"line":87,"column":0},"end":{"line":87,"column":null}}},"fnMap":{},"branchMap":{},"s":{"0":1,"1":1,"2":1},"f":{},"b":{}}
}
