{"C:\\Users\\zarinpal\\Documents\\GitHub\\web-components\\src\\components\\Button\\index.vue": {"path":"C:\\Users\\zarinpal\\Documents\\GitHub\\web-components\\src\\components\\Button\\index.vue","statementMap":{"0":{"start":{"line":38,"column":0},"end":{"line":38,"column":null}},"1":{"start":{"line":39,"column":0},"end":{"line":39,"column":null}},"2":{"start":{"line":40,"column":0},"end":{"line":40,"column":null}}},"fnMap":{},"branchMap":{},"s":{"0":1,"1":1,"2":1},"f":{},"b":{}}
,"C:\\Users\\zarinpal\\Documents\\GitHub\\web-components\\src\\components\\ButtonGroup\\index.vue": {"path":"C:\\Users\\zarinpal\\Documents\\GitHub\\web-components\\src\\components\\ButtonGroup\\index.vue","statementMap":{"0":{"start":{"line":8,"column":0},"end":{"line":8,"column":null}},"1":{"start":{"line":9,"column":0},"end":{"line":9,"column":null}},"2":{"start":{"line":10,"column":0},"end":{"line":10,"column":null}}},"fnMap":{},"branchMap":{},"s":{"0":0,"1":0,"2":0},"f":{},"b":{}}
,"C:\\Users\\zarinpal\\Documents\\GitHub\\web-components\\src\\components\\CheckBox\\index.vue": {"path":"C:\\Users\\zarinpal\\Documents\\GitHub\\web-components\\src\\components\\CheckBox\\index.vue","statementMap":{"0":{"start":{"line":23,"column":0},"end":{"line":23,"column":null}},"1":{"start":{"line":31,"column":0},"end":{"line":31,"column":null}},"2":{"start":{"line":50,"column":0},"end":{"line":50,"column":null}},"3":{"start":{"line":53,"column":0},"end":{"line":53,"column":null}},"4":{"start":{"line":54,"column":0},"end":{"line":54,"column":null}}},"fnMap":{"0":{"name":"(anonymous_1)","decl":{"start":{"line":31,"column":0},"end":{"line":31,"column":null}},"loc":{"start":{"line":31,"column":0},"end":{"line":31,"column":null}}},"1":{"name":"(anonymous_2)","decl":{"start":{"line":49,"column":0},"end":{"line":49,"column":null}},"loc":{"start":{"line":49,"column":0},"end":{"line":51,"column":null}}},"2":{"name":"(anonymous_3)","decl":{"start":{"line":52,"column":0},"end":{"line":52,"column":null}},"loc":{"start":{"line":52,"column":0},"end":{"line":55,"column":null}}}},"branchMap":{},"s":{"0":0,"1":0,"2":0,"3":0,"4":0},"f":{"0":0,"1":0,"2":0},"b":{}}
,"C:\\Users\\zarinpal\\Documents\\GitHub\\web-components\\src\\components\\Icon\\index.vue": {"path":"C:\\Users\\zarinpal\\Documents\\GitHub\\web-components\\src\\components\\Icon\\index.vue","statementMap":{"0":{"start":{"line":10,"column":0},"end":{"line":10,"column":null}},"1":{"start":{"line":11,"column":0},"end":{"line":11,"column":null}}},"fnMap":{},"branchMap":{},"s":{"0":1,"1":1},"f":{},"b":{}}
,"C:\\Users\\zarinpal\\Documents\\GitHub\\web-components\\src\\components\\Icon\\icons\\AngleDown.vue": {"path":"C:\\Users\\zarinpal\\Documents\\GitHub\\web-components\\src\\components\\Icon\\icons\\AngleDown.vue","statementMap":{"0":{"start":{"line":18,"column":0},"end":{"line":18,"column":null}}},"fnMap":{},"branchMap":{},"s":{"0":0},"f":{},"b":{}}
,"C:\\Users\\zarinpal\\Documents\\GitHub\\web-components\\src\\components\\Icon\\icons\\CheckmarkCircle.vue": {"path":"C:\\Users\\zarinpal\\Documents\\GitHub\\web-components\\src\\components\\Icon\\icons\\CheckmarkCircle.vue","statementMap":{"0":{"start":{"line":24,"column":0},"end":{"line":24,"column":null}}},"fnMap":{},"branchMap":{},"s":{"0":0},"f":{},"b":{}}
,"C:\\Users\\zarinpal\\Documents\\GitHub\\web-components\\src\\components\\Icon\\icons\\ChevronUp.vue": {"path":"C:\\Users\\zarinpal\\Documents\\GitHub\\web-components\\src\\components\\Icon\\icons\\ChevronUp.vue","statementMap":{"0":{"start":{"line":16,"column":0},"end":{"line":16,"column":null}}},"fnMap":{},"branchMap":{},"s":{"0":0},"f":{},"b":{}}
,"C:\\Users\\zarinpal\\Documents\\GitHub\\web-components\\src\\components\\Icon\\icons\\FilledArrowDown.vue": {"path":"C:\\Users\\zarinpal\\Documents\\GitHub\\web-components\\src\\components\\Icon\\icons\\FilledArrowDown.vue","statementMap":{"0":{"start":{"line":17,"column":0},"end":{"line":17,"column":null}}},"fnMap":{},"branchMap":{},"s":{"0":0},"f":{},"b":{}}
,"C:\\Users\\zarinpal\\Documents\\GitHub\\web-components\\src\\components\\Icon\\icons\\FilledArrowUp.vue": {"path":"C:\\Users\\zarinpal\\Documents\\GitHub\\web-components\\src\\components\\Icon\\icons\\FilledArrowUp.vue","statementMap":{"0":{"start":{"line":17,"column":0},"end":{"line":17,"column":null}}},"fnMap":{},"branchMap":{},"s":{"0":0},"f":{},"b":{}}
,"C:\\Users\\zarinpal\\Documents\\GitHub\\web-components\\src\\components\\Icon\\icons\\MenuBurger.vue": {"path":"C:\\Users\\zarinpal\\Documents\\GitHub\\web-components\\src\\components\\Icon\\icons\\MenuBurger.vue","statementMap":{"0":{"start":{"line":32,"column":0},"end":{"line":32,"column":null}}},"fnMap":{},"branchMap":{},"s":{"0":0},"f":{},"b":{}}
,"C:\\Users\\zarinpal\\Documents\\GitHub\\web-components\\src\\components\\Icon\\icons\\Notification.vue": {"path":"C:\\Users\\zarinpal\\Documents\\GitHub\\web-components\\src\\components\\Icon\\icons\\Notification.vue","statementMap":{"0":{"start":{"line":41,"column":0},"end":{"line":41,"column":null}}},"fnMap":{},"branchMap":{},"s":{"0":0},"f":{},"b":{}}
,"C:\\Users\\zarinpal\\Documents\\GitHub\\web-components\\src\\components\\Icon\\icons\\Profile.vue": {"path":"C:\\Users\\zarinpal\\Documents\\GitHub\\web-components\\src\\components\\Icon\\icons\\Profile.vue","statementMap":{"0":{"start":{"line":24,"column":0},"end":{"line":24,"column":null}}},"fnMap":{},"branchMap":{},"s":{"0":0},"f":{},"b":{}}
,"C:\\Users\\zarinpal\\Documents\\GitHub\\web-components\\src\\components\\Icon\\icons\\QuestionCircle.vue": {"path":"C:\\Users\\zarinpal\\Documents\\GitHub\\web-components\\src\\components\\Icon\\icons\\QuestionCircle.vue","statementMap":{"0":{"start":{"line":36,"column":0},"end":{"line":36,"column":null}}},"fnMap":{},"branchMap":{},"s":{"0":0},"f":{},"b":{}}
,"C:\\Users\\zarinpal\\Documents\\GitHub\\web-components\\src\\components\\Icon\\icons\\TickLarge.vue": {"path":"C:\\Users\\zarinpal\\Documents\\GitHub\\web-components\\src\\components\\Icon\\icons\\TickLarge.vue","statementMap":{"0":{"start":{"line":19,"column":0},"end":{"line":19,"column":null}}},"fnMap":{},"branchMap":{},"s":{"0":0},"f":{},"b":{}}
,"C:\\Users\\zarinpal\\Documents\\GitHub\\web-components\\src\\components\\Icon\\icons\\Warning.vue": {"path":"C:\\Users\\zarinpal\\Documents\\GitHub\\web-components\\src\\components\\Icon\\icons\\Warning.vue","statementMap":{"0":{"start":{"line":35,"column":0},"end":{"line":35,"column":null}}},"fnMap":{},"branchMap":{},"s":{"0":0},"f":{},"b":{}}
,"C:\\Users\\zarinpal\\Documents\\GitHub\\web-components\\src\\components\\Input\\index.vue": {"path":"C:\\Users\\zarinpal\\Documents\\GitHub\\web-components\\src\\components\\Input\\index.vue","statementMap":{"0":{"start":{"line":8,"column":0},"end":{"line":8,"column":null}}},"fnMap":{},"branchMap":{},"s":{"0":0},"f":{},"b":{}}
,"C:\\Users\\zarinpal\\Documents\\GitHub\\web-components\\src\\components\\Logo\\index.vue": {"path":"C:\\Users\\zarinpal\\Documents\\GitHub\\web-components\\src\\components\\Logo\\index.vue","statementMap":{"0":{"start":{"line":10,"column":0},"end":{"line":10,"column":null}},"1":{"start":{"line":11,"column":0},"end":{"line":11,"column":null}},"2":{"start":{"line":12,"column":0},"end":{"line":12,"column":null}}},"fnMap":{},"branchMap":{},"s":{"0":1,"1":1,"2":1},"f":{},"b":{}}
,"C:\\Users\\zarinpal\\Documents\\GitHub\\web-components\\src\\components\\Radio\\index.vue": {"path":"C:\\Users\\zarinpal\\Documents\\GitHub\\web-components\\src\\components\\Radio\\index.vue","statementMap":{"0":{"start":{"line":23,"column":0},"end":{"line":23,"column":null}},"1":{"start":{"line":50,"column":0},"end":{"line":50,"column":null}},"2":{"start":{"line":53,"column":0},"end":{"line":53,"column":null}},"3":{"start":{"line":54,"column":0},"end":{"line":54,"column":null}}},"fnMap":{"0":{"name":"(anonymous_1)","decl":{"start":{"line":49,"column":0},"end":{"line":49,"column":null}},"loc":{"start":{"line":49,"column":0},"end":{"line":51,"column":null}}},"1":{"name":"(anonymous_2)","decl":{"start":{"line":52,"column":0},"end":{"line":52,"column":null}},"loc":{"start":{"line":52,"column":0},"end":{"line":55,"column":null}}}},"branchMap":{},"s":{"0":0,"1":0,"2":0,"3":0},"f":{"0":0,"1":0},"b":{}}
,"C:\\Users\\zarinpal\\Documents\\GitHub\\web-components\\src\\components\\Tabs\\index.vue": {"path":"C:\\Users\\zarinpal\\Documents\\GitHub\\web-components\\src\\components\\Tabs\\index.vue","statementMap":{"0":{"start":{"line":24,"column":0},"end":{"line":24,"column":null}},"1":{"start":{"line":25,"column":0},"end":{"line":25,"column":null}},"2":{"start":{"line":26,"column":0},"end":{"line":26,"column":null}}},"fnMap":{},"branchMap":{},"s":{"0":0,"1":0,"2":0},"f":{},"b":{}}
,"C:\\Users\\zarinpal\\Documents\\GitHub\\web-components\\src\\components\\Tabs\\Tab\\index.vue": {"path":"C:\\Users\\zarinpal\\Documents\\GitHub\\web-components\\src\\components\\Tabs\\Tab\\index.vue","statementMap":{"0":{"start":{"line":8,"column":0},"end":{"line":8,"column":null}},"1":{"start":{"line":9,"column":0},"end":{"line":9,"column":null}}},"fnMap":{},"branchMap":{},"s":{"0":0,"1":0},"f":{},"b":{}}
,"C:\\Users\\zarinpal\\Documents\\GitHub\\web-components\\src\\components\\Tag\\index.vue": {"path":"C:\\Users\\zarinpal\\Documents\\GitHub\\web-components\\src\\components\\Tag\\index.vue","statementMap":{"0":{"start":{"line":15,"column":0},"end":{"line":15,"column":null}}},"fnMap":{},"branchMap":{},"s":{"0":0},"f":{},"b":{}}
,"C:\\Users\\zarinpal\\Documents\\GitHub\\web-components\\src\\components\\Toggle\\index.vue": {"path":"C:\\Users\\zarinpal\\Documents\\GitHub\\web-components\\src\\components\\Toggle\\index.vue","statementMap":{"0":{"start":{"line":18,"column":0},"end":{"line":18,"column":null}},"1":{"start":{"line":36,"column":0},"end":{"line":36,"column":null}},"2":{"start":{"line":39,"column":0},"end":{"line":39,"column":null}},"3":{"start":{"line":40,"column":0},"end":{"line":40,"column":null}}},"fnMap":{"0":{"name":"(anonymous_1)","decl":{"start":{"line":35,"column":0},"end":{"line":35,"column":null}},"loc":{"start":{"line":35,"column":0},"end":{"line":37,"column":null}}},"1":{"name":"(anonymous_2)","decl":{"start":{"line":38,"column":0},"end":{"line":38,"column":null}},"loc":{"start":{"line":38,"column":0},"end":{"line":41,"column":null}}}},"branchMap":{},"s":{"0":0,"1":0,"2":0,"3":0},"f":{"0":0,"1":0},"b":{}}
}
