TN:
SF:C:\Users\zarinpal\Documents\GitHub\web-components\src\components\Button\index.vue
FNF:0
FNH:0
DA:11,1
DA:12,1
DA:13,1
LF:3
LH:3
BRF:0
BRH:0
end_of_record
TN:
SF:C:\Users\zarinpal\Documents\GitHub\web-components\src\components\ButtonGroup\index.vue
FNF:0
FNH:0
DA:8,0
DA:9,0
DA:10,0
LF:3
LH:0
BRF:0
BRH:0
end_of_record
TN:
SF:C:\Users\zarinpal\Documents\GitHub\web-components\src\components\Input\index.vue
FNF:0
FNH:0
DA:8,0
LF:1
LH:0
BRF:0
BRH:0
end_of_record
TN:
SF:C:\Users\zarinpal\Documents\GitHub\web-components\src\components\SegmentedButton\index.vue
FNF:0
FNH:0
DA:8,1
DA:9,1
DA:10,1
LF:3
LH:3
BRF:0
BRH:0
end_of_record
