TN:
SF:C:\Users\zarinpal\Documents\GitHub\web-components\src\components\Button\index.vue
FNF:0
FNH:0
DA:26,1
DA:27,1
DA:28,1
LF:3
LH:3
BRF:0
BRH:0
end_of_record
TN:
SF:C:\Users\zarinpal\Documents\GitHub\web-components\src\components\ButtonGroup\index.vue
FNF:0
FNH:0
DA:8,0
DA:9,0
DA:10,0
LF:3
LH:0
BRF:0
BRH:0
end_of_record
TN:
SF:C:\Users\zarinpal\Documents\GitHub\web-components\src\components\CheckBox\index.vue
FN:31,(anonymous_1)
FN:49,(anonymous_2)
FN:52,(anonymous_3)
FNF:3
FNH:0
FNDA:0,(anonymous_1)
FNDA:0,(anonymous_2)
FNDA:0,(anonymous_3)
DA:23,0
DA:31,0
DA:50,0
DA:53,0
DA:54,0
LF:5
LH:0
BRF:0
BRH:0
end_of_record
TN:
SF:C:\Users\zarinpal\Documents\GitHub\web-components\src\components\Input\index.vue
FNF:0
FNH:0
DA:8,0
LF:1
LH:0
BRF:0
BRH:0
end_of_record
TN:
SF:C:\Users\zarinpal\Documents\GitHub\web-components\src\components\Radio\index.vue
FN:49,(anonymous_1)
FN:52,(anonymous_2)
FNF:2
FNH:0
FNDA:0,(anonymous_1)
FNDA:0,(anonymous_2)
DA:23,0
DA:50,0
DA:53,0
DA:54,0
LF:4
LH:0
BRF:0
BRH:0
end_of_record
TN:
SF:C:\Users\zarinpal\Documents\GitHub\web-components\src\components\Tabs\index.vue
FN:35,(anonymous_1)
FN:41,(anonymous_2)
FN:44,(anonymous_3)
FN:49,(anonymous_4)
FN:52,(anonymous_5)
FNF:5
FNH:0
FNDA:0,(anonymous_1)
FNDA:0,(anonymous_2)
FNDA:0,(anonymous_3)
FNDA:0,(anonymous_4)
FNDA:0,(anonymous_5)
DA:25,0
DA:36,0
DA:42,0
DA:45,0
DA:50,0
DA:52,0
DA:53,0
DA:54,0
DA:55,0
DA:56,0
LF:10
LH:0
BRDA:55,0,0,0
BRDA:55,0,1,0
BRF:2
BRH:0
end_of_record
TN:
SF:C:\Users\zarinpal\Documents\GitHub\web-components\src\components\Tabs\Tab\index.vue
FN:19,(anonymous_1)
FNF:1
FNH:0
FNDA:0,(anonymous_1)
DA:20,0
LF:1
LH:0
BRF:0
BRH:0
end_of_record
TN:
SF:C:\Users\zarinpal\Documents\GitHub\web-components\src\components\Tag\index.vue
FNF:0
FNH:0
DA:15,0
LF:1
LH:0
BRF:0
BRH:0
end_of_record
